<?xml version="1.0" encoding="UTF-8"?>
<testng-results ignored="0" total="1" passed="1" failed="0" skipped="0">
  <reporter-output>
  </reporter-output>
  <suite started-at="2023-05-16T02:24:28Z" name="Default suite" finished-at="2023-05-16T02:25:26Z" duration-ms="58717">
    <groups>
      <group name="cucumber">
        <method signature="AbstractTestNGCucumberTests.feature(cucumber.api.testng.CucumberFeatureWrapper)[pri:0, instance:Runner.Runnerclass@1bd39d3c]" name="feature" class="cucumber.api.testng.AbstractTestNGCucumberTests"/>
      </group> <!-- cucumber -->
    </groups>
    <test started-at="2023-05-16T02:24:28Z" name="Default test" finished-at="2023-05-16T02:25:26Z" duration-ms="58717">
      <class name="Runner.Runnerclass">
        <test-method is-config="true" signature="setUpClass()[pri:0, instance:Runner.Runnerclass@1bd39d3c]" started-at="2023-05-16T07:54:28Z" name="setUpClass" finished-at="2023-05-16T07:54:28Z" duration-ms="564" status="PASS">
          <reporter-output>
          </reporter-output>
        </test-method> <!-- setUpClass -->
        <test-method signature="feature(cucumber.api.testng.CucumberFeatureWrapper)[pri:0, instance:Runner.Runnerclass@1bd39d3c]" started-at="2023-05-16T07:54:29Z" name="feature" description="Runs Cucumber Feature" data-provider="features" finished-at="2023-05-16T07:55:26Z" duration-ms="57306" status="PASS">
          <params>
            <param index="0">
              <value>
                <![CDATA[Login feature file]]>
              </value>
            </param>
          </params>
          <reporter-output>
          </reporter-output>
        </test-method> <!-- feature -->
        <test-method is-config="true" signature="setup()[pri:0, instance:Runner.Runnerclass@1bd39d3c]" started-at="2023-05-16T07:55:26Z" name="setup" finished-at="2023-05-16T07:55:26Z" duration-ms="77" status="PASS">
          <reporter-output>
          </reporter-output>
        </test-method> <!-- setup -->
        <test-method is-config="true" signature="tearDownClass()[pri:0, instance:Runner.Runnerclass@1bd39d3c]" started-at="2023-05-16T07:55:26Z" name="tearDownClass" finished-at="2023-05-16T07:55:26Z" duration-ms="536" status="PASS">
          <reporter-output>
          </reporter-output>
        </test-method> <!-- tearDownClass -->
      </class> <!-- Runner.Runnerclass -->
    </test> <!-- Default test -->
  </suite> <!-- Default suite -->
</testng-results>
